<?xml version='1.0' encoding='UTF-8' ?>
<testsuite name="dev.handheld.launcher.core.data.android.apps.AndroidComponentLaunchDispatcherInstrumentedTest" tests="32" failures="0" errors="0" skipped="0" time="5.738" timestamp="2026-09-07T23:39:57" hostname="localhost">
  <properties>
    <property name="device" value="Handheld_Foundation_API_33(AVD) - 13" />
    <property name="flavor" value="" />
    <property name="project" value=":core:data" />
  </properties>
  <testcase name="gatewayBuildsExactMainLauncherIntentWithTaskFlags" classname="dev.handheld.launcher.core.data.android.apps.AndroidComponentLaunchDispatcherInstrumentedTest" time="0.016" />
  <testcase name="missingAndDisabledComponentsReturnTargetUnavailable" classname="dev.handheld.launcher.core.data.android.apps.AndroidComponentLaunchDispatcherInstrumentedTest" time="0.029" />
  <testcase name="settingsLaunchUsesExternalTaskAndDoesNotWriteRecency" classname="dev.handheld.launcher.core.data.android.apps.AndroidComponentLaunchDispatcherInstrumentedTest" time="1.517" />
  <testcase name="completeRemovalAndResumeRediscoveryPreserveRoomReferences" classname="dev.handheld.launcher.core.data.discovery.AndroidCatalogRefreshRoomInstrumentedTest" time="0.209" />
  <testcase name="broadcastMonitorReceivesProtectedPackageChangedFromFixtureToggle" classname="dev.handheld.launcher.core.data.discovery.AndroidCatalogRefreshRoomInstrumentedTest" time="1.032" />
  <testcase name="broadcastMonitorStartAndStopAreIdempotentOnAndroid13" classname="dev.handheld.launcher.core.data.discovery.AndroidCatalogRefreshRoomInstrumentedTest" time="0.004" />
  <testcase name="discoveryIncludesARealExternalSystemLauncherComponent" classname="dev.handheld.launcher.core.data.discovery.AndroidPackageManagerDiscoveryInstrumentedTest" time="0.03" />
  <testcase name="exactMainLauncherQueryReturnsBothComponentsAndRejectsDetailsOnlyFixture" classname="dev.handheld.launcher.core.data.discovery.AndroidPackageManagerDiscoveryInstrumentedTest" time="0.003" />
  <testcase name="discoveryExcludesItsOwnPackage" classname="dev.handheld.launcher.core.data.discovery.AndroidPackageManagerDiscoveryInstrumentedTest" time="0.004" />
  <testcase name="unreadablePreferencesResetOnlyDataStoreAndPreserveRoomData" classname="dev.handheld.launcher.core.data.repository.DataStorePreferencesInstrumentedTest" time="0.234" />
  <testcase name="malformedAndUnknownVersionFieldsRecoverLocallyWithoutClearingValidData" classname="dev.handheld.launcher.core.data.repository.DataStorePreferencesInstrumentedTest" time="0.031" />
  <testcase name="absentMappingDefaultsAndSwappedMappingSurvivesReopen" classname="dev.handheld.launcher.core.data.repository.DataStorePreferencesInstrumentedTest" time="0.029" />
  <testcase name="allSnapshotFieldsRemainIndependentForEveryDestinationAfterReopen" classname="dev.handheld.launcher.core.data.repository.DataStorePreferencesInstrumentedTest" time="0.056" />
  <testcase name="debugFakesImplementThePublishedRepositoryContracts" classname="dev.handheld.launcher.core.data.repository.DataStorePreferencesInstrumentedTest" time="0.003" />
  <testcase name="clearingOneDestinationPreservesOtherSnapshotsAndControllerMapping" classname="dev.handheld.launcher.core.data.repository.DataStorePreferencesInstrumentedTest" time="0.029" />
  <testcase name="concurrentIndependentDestinationWritesAllSurvive" classname="dev.handheld.launcher.core.data.repository.DataStorePreferencesInstrumentedTest" time="0.056" />
  <testcase name="migrationOneToTwoRetainsAllRowsAndSeedsCounterFromHistoryMaximum" classname="dev.handheld.launcher.core.data.repository.LauncherDatabaseSchemaInstrumentedTest" time="0.182" />
  <testcase name="cachedRowsEmitAfterReopenBeforeAnotherInventoryCompletes" classname="dev.handheld.launcher.core.data.repository.RoomCatalogRepositoryInstrumentedTest" time="0.055" />
  <testcase name="completedEmptyInventoryMarksMoreThanSqliteBindLimitRemoved" classname="dev.handheld.launcher.core.data.repository.RoomCatalogRepositoryInstrumentedTest" time="0.869" />
  <testcase name="updateAndTemporaryRemovalPreserveReferencesAndRediscoveryRecoversIdentity" classname="dev.handheld.launcher.core.data.repository.RoomCatalogRepositoryInstrumentedTest" time="0.105" />
  <testcase name="samePackageComponentsRoundTripAsDistinctStableItems" classname="dev.handheld.launcher.core.data.repository.RoomCatalogRepositoryInstrumentedTest" time="0.055" />
  <testcase name="incompleteInventoriesOnlyUpdateStatusAndPreserveCatalogAndReferences" classname="dev.handheld.launcher.core.data.repository.RoomCatalogRepositoryInstrumentedTest" time="0.131" />
  <testcase name="completedInventoryReconcilesItsScopeInOneObservableCommit" classname="dev.handheld.launcher.core.data.repository.RoomCatalogRepositoryInstrumentedTest" time="0.057" />
  <testcase name="completeInventoryRejectsOutsideScopeIdentityCollisionWithoutWriting" classname="dev.handheld.launcher.core.data.repository.RoomCatalogRepositoryInstrumentedTest" time="0.056" />
  <testcase name="failedInternalUnknownAndRepeatedAcknowledgementsProduceNoRecordCandidate" classname="dev.handheld.launcher.core.data.repository.RoomSuccessfulOpenRepositoryInstrumentedTest" time="0.055" />
  <testcase name="mixedRecentAndUnopenedItemsUseSharedDomainOrdering" classname="dev.handheld.launcher.core.data.repository.RoomSuccessfulOpenRepositoryInstrumentedTest" time="0.054" />
  <testcase name="maximumOrderFailsAtomicallyInsteadOfWrapping" classname="dev.handheld.launcher.core.data.repository.RoomSuccessfulOpenRepositoryInstrumentedTest" time="0.054" />
  <testcase name="concurrentSameOperationRecordsExactlyOnce" classname="dev.handheld.launcher.core.data.repository.RoomSuccessfulOpenRepositoryInstrumentedTest" time="0.055" />
  <testcase name="repeatedSuccessfulOpenPromotesOneItemWithoutDuplicatingItsIdentity" classname="dev.handheld.launcher.core.data.repository.RoomSuccessfulOpenRepositoryInstrumentedTest" time="0.054" />
  <testcase name="concurrentUniqueOperationsReceiveOneContiguousSerializedOrder" classname="dev.handheld.launcher.core.data.repository.RoomSuccessfulOpenRepositoryInstrumentedTest" time="0.184" />
  <testcase name="repeatedSameOperationAllocatesNoOrderIncludingAfterReopen" classname="dev.handheld.launcher.core.data.repository.RoomSuccessfulOpenRepositoryInstrumentedTest" time="0.055" />
  <testcase name="receiptOrHistoryFailureRollsBackCounterAndOperationReceipt" classname="dev.handheld.launcher.core.data.repository.RoomSuccessfulOpenRepositoryInstrumentedTest" time="0.057" />
</testsuite>