<?xml version="1.0" encoding="UTF-8"?>
<testsuite name="dev.handheld.launcher.core.data.discovery.AndroidCatalogRefreshCoordinatorTest" tests="8" skipped="0" failures="0" errors="0" timestamp="2026-09-07T22:19:41" hostname="BLOODLIND" time="0.121">
  <properties/>
  <testcase name="overlapping triggers serialize and coalesce with startup resume suppression" classname="dev.handheld.launcher.core.data.discovery.AndroidCatalogRefreshCoordinatorTest" time="0.091"/>
  <testcase name="stop and immediate restart retain one reconciliation owner" classname="dev.handheld.launcher.core.data.discovery.AndroidCatalogRefreshCoordinatorTest" time="0.002"/>
  <testcase name="cached catalog is observable while a slow startup scan is refreshing" classname="dev.handheld.launcher.core.data.discovery.AndroidCatalogRefreshCoordinatorTest" time="0.01"/>
  <testcase name="cancelled scan records cancellation without clearing cache and worker continues" classname="dev.handheld.launcher.core.data.discovery.AndroidCatalogRefreshCoordinatorTest" time="0.003"/>
  <testcase name="resume after inactive missed change is queued behind a slow startup scan" classname="dev.handheld.launcher.core.data.discovery.AndroidCatalogRefreshCoordinatorTest" time="0.003"/>
  <testcase name="startup reads persisted snapshot before discovery" classname="dev.handheld.launcher.core.data.discovery.AndroidCatalogRefreshCoordinatorTest" time="0.005"/>
  <testcase name="complete install update removal and resume scans converge by stable identity" classname="dev.handheld.launcher.core.data.discovery.AndroidCatalogRefreshCoordinatorTest" time="0.005"/>
  <testcase name="failed and partial scans retain cache and publish explicit errors" classname="dev.handheld.launcher.core.data.discovery.AndroidCatalogRefreshCoordinatorTest" time="0.001"/>
  <system-out><![CDATA[]]></system-out>
  <system-err><![CDATA[]]></system-err>
</testsuite>
